[19:04:10] [Server thread/INFO]: Starting minecraft server version 1.12.2
[19:04:10] [Server thread/INFO]: Loading properties
[19:04:10] [Server thread/INFO]: Default game type: SURVIVAL
[19:04:10] [Server thread/INFO]: This server is running CraftBukkit version git-Spigot-2086bb0-8cc5a7e (MC: 1.12.2) (Implementing API version 1.12.2-R0.1-SNAPSHOT)
[19:04:10] [Server thread/INFO]: Debug logging is disabled
[19:04:10] [Server thread/INFO]: Using 4 threads for Netty based IO
[19:04:10] [Server thread/INFO]: Server Ping Player Sample Count: 12
[19:04:10] [Server thread/INFO]: Generating keypair
[19:04:11] [Server thread/INFO]: Starting Minecraft server on *:25565
[19:04:11] [Server thread/INFO]: Using default channel type
[19:04:12] [Server thread/INFO]: Set PluginClassLoader as parallel capable
[19:04:12] [Server thread/INFO]: [ZamsPlugin] Loading ZamsPlugin v1.0
[19:04:12] [Server thread/INFO]: [EpicPets] Loading EpicPets v1.4
[19:04:12] [Server thread/WARN]: **** SERVER IS RUNNING IN OFFLINE/INSECURE MODE!
[19:04:12] [Server thread/WARN]: The server will make no attempt to authenticate usernames. Beware.
[19:04:12] [Server thread/WARN]: While this makes the game possible to play without internet access, it also opens up the ability for hackers to connect with any username they choose.
[19:04:12] [Server thread/WARN]: To change this, set "online-mode" to "true" in the server.properties file.
[19:04:12] [Server thread/INFO]: **** Beginning UUID conversion, this may take A LONG time ****
[19:04:12] [Server thread/INFO]: Preparing level "world"
[19:04:12] [Server thread/INFO]: -------- World Settings For [world] --------
[19:04:12] [Server thread/INFO]: Item Merge Radius: 2.5
[19:04:12] [Server thread/INFO]: Item Despawn Rate: 6000
[19:04:12] [Server thread/INFO]: Allow Zombie Pigmen to spawn from portal blocks: true
[19:04:12] [Server thread/INFO]: Experience Merge Radius: 3.0
[19:04:12] [Server thread/INFO]: Arrow Despawn Rate: 1200
[19:04:12] [Server thread/INFO]: View Distance: 10
[19:04:12] [Server thread/INFO]: Cactus Growth Modifier: 100%
[19:04:12] [Server thread/INFO]: Cane Growth Modifier: 100%
[19:04:12] [Server thread/INFO]: Melon Growth Modifier: 100%
[19:04:12] [Server thread/INFO]: Mushroom Growth Modifier: 100%
[19:04:12] [Server thread/INFO]: Pumpkin Growth Modifier: 100%
[19:04:12] [Server thread/INFO]: Sapling Growth Modifier: 100%
[19:04:12] [Server thread/INFO]: Wheat Growth Modifier: 100%
[19:04:12] [Server thread/INFO]: NetherWart Growth Modifier: 100%
[19:04:12] [Server thread/INFO]: Vine Growth Modifier: 100%
[19:04:12] [Server thread/INFO]: Cocoa Growth Modifier: 100%
[19:04:12] [Server thread/INFO]: Mob Spawn Range: 4
[19:04:12] [Server thread/INFO]: Hopper Transfer: 8 Hopper Check: 1 Hopper Amount: 1
[19:04:12] [Server thread/INFO]: Max TNT Explosions: 100
[19:04:12] [Server thread/INFO]: Tile Max Tick Time: 50ms Entity max Tick Time: 50ms
[19:04:12] [Server thread/INFO]: Structure Info Saving: true
[19:04:12] [Server thread/INFO]: Random Lighting Updates: false
[19:04:12] [Server thread/INFO]: Entity Activation Range: An 32 / Mo 32 / Mi 16 / Tiv true
[19:04:12] [Server thread/INFO]: Entity Tracking Range: Pl 48 / An 48 / Mo 48 / Mi 32 / Other 64
[19:04:12] [Server thread/INFO]: Zombie Aggressive Towards Villager: true
[19:04:12] [Server thread/INFO]: Nerfing mobs spawned from spawners: false
[19:04:12] [Server thread/INFO]: Custom Map Seeds:  Village: 10387312 Feature: 14357617 Monument: 10387313 Slime: 987234911
[19:04:12] [Server thread/INFO]: -------- World Settings For [world_nether] --------
[19:04:12] [Server thread/INFO]: Item Merge Radius: 2.5
[19:04:12] [Server thread/INFO]: Item Despawn Rate: 6000
[19:04:12] [Server thread/INFO]: Allow Zombie Pigmen to spawn from portal blocks: true
[19:04:12] [Server thread/INFO]: Experience Merge Radius: 3.0
[19:04:12] [Server thread/INFO]: Arrow Despawn Rate: 1200
[19:04:12] [Server thread/INFO]: View Distance: 10
[19:04:12] [Server thread/INFO]: Cactus Growth Modifier: 100%
[19:04:12] [Server thread/INFO]: Cane Growth Modifier: 100%
[19:04:12] [Server thread/INFO]: Melon Growth Modifier: 100%
[19:04:12] [Server thread/INFO]: Mushroom Growth Modifier: 100%
[19:04:12] [Server thread/INFO]: Pumpkin Growth Modifier: 100%
[19:04:12] [Server thread/INFO]: Sapling Growth Modifier: 100%
[19:04:12] [Server thread/INFO]: Wheat Growth Modifier: 100%
[19:04:12] [Server thread/INFO]: NetherWart Growth Modifier: 100%
[19:04:12] [Server thread/INFO]: Vine Growth Modifier: 100%
[19:04:12] [Server thread/INFO]: Cocoa Growth Modifier: 100%
[19:04:12] [Server thread/INFO]: Mob Spawn Range: 4
[19:04:12] [Server thread/INFO]: Hopper Transfer: 8 Hopper Check: 1 Hopper Amount: 1
[19:04:12] [Server thread/INFO]: Max TNT Explosions: 100
[19:04:12] [Server thread/INFO]: Tile Max Tick Time: 50ms Entity max Tick Time: 50ms
[19:04:12] [Server thread/INFO]: Structure Info Saving: true
[19:04:12] [Server thread/INFO]: Random Lighting Updates: false
[19:04:12] [Server thread/INFO]: Entity Activation Range: An 32 / Mo 32 / Mi 16 / Tiv true
[19:04:12] [Server thread/INFO]: Entity Tracking Range: Pl 48 / An 48 / Mo 48 / Mi 32 / Other 64
[19:04:12] [Server thread/INFO]: Zombie Aggressive Towards Villager: true
[19:04:12] [Server thread/INFO]: Nerfing mobs spawned from spawners: false
[19:04:12] [Server thread/INFO]: Custom Map Seeds:  Village: 10387312 Feature: 14357617 Monument: 10387313 Slime: 987234911
[19:04:13] [Server thread/INFO]: -------- World Settings For [world_the_end] --------
[19:04:13] [Server thread/INFO]: Item Merge Radius: 2.5
[19:04:13] [Server thread/INFO]: Item Despawn Rate: 6000
[19:04:13] [Server thread/INFO]: Allow Zombie Pigmen to spawn from portal blocks: true
[19:04:13] [Server thread/INFO]: Experience Merge Radius: 3.0
[19:04:13] [Server thread/INFO]: Arrow Despawn Rate: 1200
[19:04:13] [Server thread/INFO]: View Distance: 10
[19:04:13] [Server thread/INFO]: Cactus Growth Modifier: 100%
[19:04:13] [Server thread/INFO]: Cane Growth Modifier: 100%
[19:04:13] [Server thread/INFO]: Melon Growth Modifier: 100%
[19:04:13] [Server thread/INFO]: Mushroom Growth Modifier: 100%
[19:04:13] [Server thread/INFO]: Pumpkin Growth Modifier: 100%
[19:04:13] [Server thread/INFO]: Sapling Growth Modifier: 100%
[19:04:13] [Server thread/INFO]: Wheat Growth Modifier: 100%
[19:04:13] [Server thread/INFO]: NetherWart Growth Modifier: 100%
[19:04:13] [Server thread/INFO]: Vine Growth Modifier: 100%
[19:04:13] [Server thread/INFO]: Cocoa Growth Modifier: 100%
[19:04:13] [Server thread/INFO]: Mob Spawn Range: 4
[19:04:13] [Server thread/INFO]: Hopper Transfer: 8 Hopper Check: 1 Hopper Amount: 1
[19:04:13] [Server thread/INFO]: Max TNT Explosions: 100
[19:04:13] [Server thread/INFO]: Tile Max Tick Time: 50ms Entity max Tick Time: 50ms
[19:04:13] [Server thread/INFO]: Structure Info Saving: true
[19:04:13] [Server thread/INFO]: Random Lighting Updates: false
[19:04:13] [Server thread/INFO]: Entity Activation Range: An 32 / Mo 32 / Mi 16 / Tiv true
[19:04:13] [Server thread/INFO]: Entity Tracking Range: Pl 48 / An 48 / Mo 48 / Mi 32 / Other 64
[19:04:13] [Server thread/INFO]: Zombie Aggressive Towards Villager: true
[19:04:13] [Server thread/INFO]: Nerfing mobs spawned from spawners: false
[19:04:13] [Server thread/INFO]: Custom Map Seeds:  Village: 10387312 Feature: 14357617 Monument: 10387313 Slime: 987234911
[19:04:13] [Server thread/INFO]: Preparing start region for level 0 (Seed: -1596288599612155401)
[19:04:14] [Server thread/INFO]: Preparing spawn area: 0%
[19:04:15] [Server thread/INFO]: Preparing spawn area: 27%
[19:04:16] [Server thread/INFO]: Preparing spawn area: 88%
[19:04:16] [Server thread/INFO]: Preparing start region for level 1 (Seed: -1596288599612155401)
[19:04:17] [Server thread/INFO]: Preparing spawn area: 48%
[19:04:18] [Server thread/INFO]: Preparing start region for level 2 (Seed: -1596288599612155401)
[19:04:19] [Server thread/INFO]: Preparing spawn area: 65%
[19:04:19] [Server thread/INFO]: [ZamsPlugin] Enabling ZamsPlugin v1.0
[19:04:19] [Server thread/INFO]: Zams Core Plugin Enabled
[19:04:19] [Server thread/INFO]: v1_12_R1
[19:04:19] [Server thread/INFO]: [EpicPets] Enabling EpicPets v1.4
[19:04:19] [Server thread/INFO]: [EpicPets] Loading files
[19:04:19] [Server thread/INFO]: [EpicPets] You are currently in v1_12_R1
[19:04:19] [Server thread/INFO]: [EpicPets] Starting the task
[19:04:19] [Server thread/INFO]: [EpicPets] Loading commands
[19:04:19] [Server thread/INFO]: [EpicPets] Checking if Vault is installed...
[19:04:19] [Server thread/INFO]: [EpicPets] Vault is not installed!
[19:04:19] [Server thread/INFO]: Server permissions file permissions.yml is empty, ignoring it
[19:04:19] [Server thread/INFO]: Done (7.571s)! For help, type "help" or "?"
[19:04:21] [Server thread/INFO]: [@: Set the time to 1000]
[19:04:21] [Server thread/INFO]: [@: Changing to clear weather]
[19:08:54] [Server thread/INFO]: CONSOLE: Please note that this command is not supported and may cause issues when using some plugins.
[19:08:54] [Server thread/INFO]: CONSOLE: If you encounter any issues please use the /stop command to restart your server.
[19:08:54] [Server thread/INFO]: Debug logging is disabled
[19:08:54] [Server thread/INFO]: Using 4 threads for Netty based IO
[19:08:54] [Server thread/INFO]: Server Ping Player Sample Count: 12
[19:08:54] [Server thread/INFO]: -------- World Settings For [world] --------
[19:08:54] [Server thread/INFO]: Item Merge Radius: 2.5
[19:08:54] [Server thread/INFO]: Item Despawn Rate: 6000
[19:08:54] [Server thread/INFO]: Allow Zombie Pigmen to spawn from portal blocks: true
[19:08:54] [Server thread/INFO]: Experience Merge Radius: 3.0
[19:08:54] [Server thread/INFO]: Arrow Despawn Rate: 1200
[19:08:54] [Server thread/INFO]: View Distance: 10
[19:08:54] [Server thread/INFO]: Cactus Growth Modifier: 100%
[19:08:54] [Server thread/INFO]: Cane Growth Modifier: 100%
[19:08:54] [Server thread/INFO]: Melon Growth Modifier: 100%
[19:08:54] [Server thread/INFO]: Mushroom Growth Modifier: 100%
[19:08:54] [Server thread/INFO]: Pumpkin Growth Modifier: 100%
[19:08:54] [Server thread/INFO]: Sapling Growth Modifier: 100%
[19:08:54] [Server thread/INFO]: Wheat Growth Modifier: 100%
[19:08:54] [Server thread/INFO]: NetherWart Growth Modifier: 100%
[19:08:54] [Server thread/INFO]: Vine Growth Modifier: 100%
[19:08:54] [Server thread/INFO]: Cocoa Growth Modifier: 100%
[19:08:54] [Server thread/INFO]: Mob Spawn Range: 4
[19:08:54] [Server thread/INFO]: Hopper Transfer: 8 Hopper Check: 1 Hopper Amount: 1
[19:08:54] [Server thread/INFO]: Max TNT Explosions: 100
[19:08:54] [Server thread/INFO]: Tile Max Tick Time: 50ms Entity max Tick Time: 50ms
[19:08:54] [Server thread/INFO]: Structure Info Saving: true
[19:08:54] [Server thread/INFO]: Random Lighting Updates: false
[19:08:54] [Server thread/INFO]: Entity Activation Range: An 32 / Mo 32 / Mi 16 / Tiv true
[19:08:54] [Server thread/INFO]: Entity Tracking Range: Pl 48 / An 48 / Mo 48 / Mi 32 / Other 64
[19:08:54] [Server thread/INFO]: Zombie Aggressive Towards Villager: true
[19:08:54] [Server thread/INFO]: Nerfing mobs spawned from spawners: false
[19:08:54] [Server thread/INFO]: Custom Map Seeds:  Village: 10387312 Feature: 14357617 Monument: 10387313 Slime: 987234911
[19:08:54] [Server thread/INFO]: -------- World Settings For [world_nether] --------
[19:08:54] [Server thread/INFO]: Item Merge Radius: 2.5
[19:08:54] [Server thread/INFO]: Item Despawn Rate: 6000
[19:08:54] [Server thread/INFO]: Allow Zombie Pigmen to spawn from portal blocks: true
[19:08:54] [Server thread/INFO]: Experience Merge Radius: 3.0
[19:08:54] [Server thread/INFO]: Arrow Despawn Rate: 1200
[19:08:54] [Server thread/INFO]: View Distance: 10
[19:08:54] [Server thread/INFO]: Cactus Growth Modifier: 100%
[19:08:54] [Server thread/INFO]: Cane Growth Modifier: 100%
[19:08:54] [Server thread/INFO]: Melon Growth Modifier: 100%
[19:08:54] [Server thread/INFO]: Mushroom Growth Modifier: 100%
[19:08:54] [Server thread/INFO]: Pumpkin Growth Modifier: 100%
[19:08:54] [Server thread/INFO]: Sapling Growth Modifier: 100%
[19:08:54] [Server thread/INFO]: Wheat Growth Modifier: 100%
[19:08:54] [Server thread/INFO]: NetherWart Growth Modifier: 100%
[19:08:54] [Server thread/INFO]: Vine Growth Modifier: 100%
[19:08:54] [Server thread/INFO]: Cocoa Growth Modifier: 100%
[19:08:54] [Server thread/INFO]: Mob Spawn Range: 4
[19:08:54] [Server thread/INFO]: Hopper Transfer: 8 Hopper Check: 1 Hopper Amount: 1
[19:08:54] [Server thread/INFO]: Max TNT Explosions: 100
[19:08:54] [Server thread/INFO]: Tile Max Tick Time: 50ms Entity max Tick Time: 50ms
[19:08:54] [Server thread/INFO]: Structure Info Saving: true
[19:08:54] [Server thread/INFO]: Random Lighting Updates: false
[19:08:54] [Server thread/INFO]: Entity Activation Range: An 32 / Mo 32 / Mi 16 / Tiv true
[19:08:54] [Server thread/INFO]: Entity Tracking Range: Pl 48 / An 48 / Mo 48 / Mi 32 / Other 64
[19:08:54] [Server thread/INFO]: Zombie Aggressive Towards Villager: true
[19:08:54] [Server thread/INFO]: Nerfing mobs spawned from spawners: false
[19:08:54] [Server thread/INFO]: Custom Map Seeds:  Village: 10387312 Feature: 14357617 Monument: 10387313 Slime: 987234911
[19:08:54] [Server thread/INFO]: -------- World Settings For [world_the_end] --------
[19:08:54] [Server thread/INFO]: Item Merge Radius: 2.5
[19:08:54] [Server thread/INFO]: Item Despawn Rate: 6000
[19:08:54] [Server thread/INFO]: Allow Zombie Pigmen to spawn from portal blocks: true
[19:08:54] [Server thread/INFO]: Experience Merge Radius: 3.0
[19:08:54] [Server thread/INFO]: Arrow Despawn Rate: 1200
[19:08:54] [Server thread/INFO]: View Distance: 10
[19:08:54] [Server thread/INFO]: Cactus Growth Modifier: 100%
[19:08:54] [Server thread/INFO]: Cane Growth Modifier: 100%
[19:08:54] [Server thread/INFO]: Melon Growth Modifier: 100%
[19:08:54] [Server thread/INFO]: Mushroom Growth Modifier: 100%
[19:08:54] [Server thread/INFO]: Pumpkin Growth Modifier: 100%
[19:08:54] [Server thread/INFO]: Sapling Growth Modifier: 100%
[19:08:54] [Server thread/INFO]: Wheat Growth Modifier: 100%
[19:08:54] [Server thread/INFO]: NetherWart Growth Modifier: 100%
[19:08:54] [Server thread/INFO]: Vine Growth Modifier: 100%
[19:08:54] [Server thread/INFO]: Cocoa Growth Modifier: 100%
[19:08:54] [Server thread/INFO]: Mob Spawn Range: 4
[19:08:54] [Server thread/INFO]: Hopper Transfer: 8 Hopper Check: 1 Hopper Amount: 1
[19:08:54] [Server thread/INFO]: Max TNT Explosions: 100
[19:08:54] [Server thread/INFO]: Tile Max Tick Time: 50ms Entity max Tick Time: 50ms
[19:08:54] [Server thread/INFO]: Structure Info Saving: true
[19:08:54] [Server thread/INFO]: Random Lighting Updates: false
[19:08:54] [Server thread/INFO]: Entity Activation Range: An 32 / Mo 32 / Mi 16 / Tiv true
[19:08:54] [Server thread/INFO]: Entity Tracking Range: Pl 48 / An 48 / Mo 48 / Mi 32 / Other 64
[19:08:54] [Server thread/INFO]: Zombie Aggressive Towards Villager: true
[19:08:54] [Server thread/INFO]: Nerfing mobs spawned from spawners: false
[19:08:54] [Server thread/INFO]: Custom Map Seeds:  Village: 10387312 Feature: 14357617 Monument: 10387313 Slime: 987234911
[19:08:54] [Server thread/INFO]: [EpicPets] Disabling EpicPets v1.4
[19:08:54] [Server thread/INFO]: [ZamsPlugin] Disabling ZamsPlugin v1.0
[19:08:54] [Server thread/INFO]: Menutup window...
[19:08:54] [Server thread/INFO]: Zams Core Plugin Disable
[19:08:55] [Server thread/INFO]: [ZamsPlugin] Loading ZamsPlugin v1.0
[19:08:55] [Server thread/INFO]: [EpicPets] Loading EpicPets v1.4
[19:08:55] [Server thread/INFO]: [ZamsPlugin] Enabling ZamsPlugin v1.0
[19:08:55] [Server thread/INFO]: Zams Core Plugin Enabled
[19:08:55] [Server thread/INFO]: v1_12_R1
[19:08:55] [Server thread/INFO]: [EpicPets] Enabling EpicPets v1.4
[19:08:55] [Server thread/INFO]: [EpicPets] Loading files
[19:08:55] [Server thread/INFO]: [EpicPets] You are currently in v1_12_R1
[19:08:55] [Server thread/INFO]: [EpicPets] Starting the task
[19:08:55] [Server thread/INFO]: [EpicPets] Loading commands
[19:08:55] [Server thread/INFO]: [EpicPets] Checking if Vault is installed...
[19:08:55] [Server thread/INFO]: [EpicPets] Vault is not installed!
[19:08:55] [Server thread/INFO]: Server permissions file permissions.yml is empty, ignoring it
[19:08:55] [Server thread/INFO]: CONSOLE: Reload complete.
